[2019-03-28 11:49:22] START
[2019-03-28 11:50:23] EDIT paywall/views/default/index.html: -38
[2019-03-28 11:50:43] EDIT paywall/views/default/index.html: -7
[2019-03-28 11:51:55] EDIT paywall/views/default/index.html: 6
[2019-03-28 11:52:34] EDIT paywall/views/default/index.html: 0
[2019-03-28 11:56:08] CREATE paywall.py: 0
[2019-03-28 11:57:46] EDIT paywall/modules/paywall.py: 51
[2019-03-28 12:31:05] EDIT paywall/modules/paywall.py: 0
[2019-03-28 12:32:26] EDIT paywall/controllers/default.py: 7
[2019-03-28 12:32:46] EDIT paywall/controllers/default.py: 1
[2019-03-28 12:33:12] EDIT paywall/controllers/default.py: 0
[2019-03-28 12:33:29] EDIT paywall/controllers/default.py: 0
[2019-03-28 12:34:15] EDIT paywall/controllers/default.py: 0
[2019-03-28 12:36:38] EDIT paywall/views/default/index.html: 5
[2019-03-28 12:36:55] EDIT paywall/controllers/default.py: 1
[2019-03-28 12:37:01] EDIT paywall/views/default/index.html: 0
[2019-03-28 12:38:33] EDIT paywall/controllers/default.py: 0
[2019-03-28 12:39:19] EDIT paywall/views/default/index.html: 0
[2019-03-28 12:39:39] EDIT paywall/views/default/index.html: 0
[2019-03-28 12:46:25] EDIT paywall/modules/paywall.py: 0
[2019-03-28 12:46:37] EDIT paywall/controllers/default.py: 0
[2019-03-28 13:01:28] EDIT paywall/controllers/default.py: 0
[2019-03-28 13:03:32] EDIT paywall/views/default/index.html: 0
[2019-03-28 13:03:58] EDIT paywall/views/default/index.html: 0
[2019-03-28 13:04:39] EDIT paywall/controllers/default.py: 0
[2019-03-28 13:05:05] EDIT paywall/controllers/default.py: -1
[2019-03-28 13:06:27] EDIT paywall/modules/paywall.py: 1
[2019-03-28 13:08:40] EDIT paywall/views/default/index.html: 0
[2019-03-28 13:08:44] EDIT paywall/views/default/index.html: 0
[2019-03-28 13:09:25] EDIT paywall/controllers/default.py: 1
[2019-03-28 13:09:57] EDIT paywall/views/default/index.html: 0
[2019-03-28 13:11:52] EDIT paywall/modules/paywall.py: 1
[2019-03-28 13:12:14] EDIT paywall/modules/paywall.py: 1
[2019-03-28 13:12:31] EDIT paywall/controllers/default.py: 0
[2019-03-28 13:13:33] EDIT paywall/views/default/index.html: 0
[2019-03-28 13:14:14] EDIT paywall/controllers/default.py: 0
[2019-03-28 13:15:13] EDIT paywall/modules/paywall.py: 0
[2019-03-28 13:15:22] EDIT paywall/views/default/index.html: 0
[2019-03-28 13:17:04] EDIT paywall/modules/paywall.py: 1
[2019-03-28 13:22:54] EDIT paywall/modules/paywall.py: 0
[2019-03-28 13:26:20] EDIT paywall/modules/paywall.py: 1
[2019-03-28 13:27:19] EDIT paywall/modules/paywall.py: 0
[2019-03-28 13:27:31] EDIT paywall/views/default/index.html: 0
[2019-03-28 13:28:04] EDIT paywall/modules/paywall.py: 1
[2019-03-28 13:28:50] EDIT paywall/controllers/default.py: 0
[2019-03-28 13:29:53] EDIT paywall/modules/paywall.py: 0
[2019-03-28 13:30:00] EDIT paywall/controllers/default.py: 0
[2019-03-28 13:31:44] EDIT paywall/controllers/default.py: 4
[2019-03-28 13:32:57] EDIT paywall/modules/paywall.py: 0
[2019-03-28 13:34:59] EDIT paywall/modules/paywall.py: 0
[2019-03-28 13:35:37] EDIT paywall/views/default/index.html: 0
[2019-03-28 13:39:32] EDIT paywall/views/default/index.html: 1
[2019-03-28 13:40:09] EDIT paywall/views/default/index.html: 2
[2019-03-28 13:40:31] EDIT paywall/views/default/index.html: -1
[2019-03-28 13:40:44] EDIT paywall/views/default/index.html: 1
[2019-03-28 13:41:32] EDIT paywall/controllers/default.py: -1
[2019-03-28 13:43:12] EDIT paywall/modules/paywall.py: 1
[2019-03-29 09:28:50] EDIT paywall/views/layout.html: -55
[2019-03-29 09:29:19] CREATE pwlayout.html.py: 0
[2019-03-29 09:29:30] EDIT paywall/models/pwlayout.html.py: 129
[2019-03-29 09:29:48] CREATE pwlayout.html: 0
[2019-03-29 09:30:05] EDIT paywall/views/pwlayout.html: 71
[2019-03-29 09:30:18] EDIT paywall/views/default/index.html: 0
[2019-03-29 09:36:24] EDIT paywall/views/default/index.html: 2
[2019-03-29 09:36:42] EDIT paywall/views/default/index.html: 0
[2019-03-29 09:37:07] EDIT paywall/views/default/index.html: -2
[2019-03-29 09:38:01] EDIT paywall/views/default/index.html: 0
[2019-03-29 09:39:13] EDIT paywall/views/default/index.html: 0
[2019-03-29 09:39:27] EDIT paywall/views/default/index.html: 0
[2019-03-29 09:40:27] EDIT paywall/views/default/index.html: 2
[2019-03-29 09:46:48] EDIT paywall/views/pwlayout.html: -1
[2019-03-29 11:28:24] DELETE paywall/models/pwlayout.html.py: -129
[2019-03-29 12:36:51] EDIT paywall/views/default/index.html: 5
[2019-03-29 12:38:10] EDIT paywall/views/default/index.html: 0
[2019-03-29 12:41:22] EDIT paywall/views/default/index.html: -4
[2019-03-29 12:41:55] EDIT paywall/views/default/index.html: 0
[2019-03-29 12:42:16] EDIT paywall/views/default/index.html: 0
[2019-03-29 12:42:30] EDIT paywall/views/default/index.html: 0
[2019-03-29 12:44:19] EDIT paywall/views/default/index.html: 4
[2019-03-29 12:44:50] EDIT paywall/views/default/index.html: 2
[2019-03-29 12:49:30] EDIT paywall/views/default/index.html: 4
[2019-03-29 12:49:41] EDIT paywall/views/default/index.html: 0
[2019-03-29 12:49:57] EDIT paywall/views/default/index.html: 0
[2019-03-29 12:50:28] EDIT paywall/views/default/index.html: 0
[2019-03-29 12:50:34] EDIT paywall/views/default/index.html: 0
[2019-03-29 12:51:14] EDIT paywall/views/default/index.html: -4
[2019-03-29 12:51:57] EDIT paywall/views/default/index.html: 0
[2019-03-29 12:52:07] EDIT paywall/views/default/index.html: 0
[2019-03-29 12:52:47] EDIT paywall/views/default/index.html: 0
[2019-03-29 12:54:01] EDIT paywall/views/default/index.html: 0
[2019-03-29 12:54:29] EDIT paywall/views/default/index.html: 6
[2019-03-29 12:55:09] EDIT paywall/views/default/index.html: -2
[2019-03-29 12:55:32] EDIT paywall/views/default/index.html: 0
[2019-03-29 12:55:44] EDIT paywall/views/default/index.html: 0
[2019-03-29 12:56:02] EDIT paywall/views/default/index.html: 0
[2019-03-29 12:56:48] EDIT paywall/views/default/index.html: -1
[2019-03-29 12:57:25] EDIT paywall/views/default/index.html: -2
[2019-03-29 12:57:51] EDIT paywall/views/default/index.html: 0
[2019-03-29 12:58:39] EDIT paywall/views/default/index.html: 0
[2019-03-29 13:00:08] EDIT paywall/views/default/index.html: -2
[2019-03-29 13:00:41] EDIT paywall/views/default/index.html: 2
[2019-03-29 13:01:11] EDIT paywall/views/default/index.html: 0
[2019-03-29 13:02:55] EDIT paywall/views/default/index.html: 0
[2019-03-29 13:03:26] EDIT paywall/views/default/index.html: 0
[2019-03-29 13:03:34] EDIT paywall/views/default/index.html: 0
[2019-03-29 13:03:52] EDIT paywall/views/default/index.html: 3
[2019-03-29 13:04:00] EDIT paywall/views/default/index.html: 0
[2019-03-29 13:04:07] EDIT paywall/views/default/index.html: 0
[2019-03-29 13:04:13] EDIT paywall/views/default/index.html: 0
[2019-03-29 13:04:43] EDIT paywall/views/default/index.html: 12
[2019-03-29 13:04:52] EDIT paywall/views/default/index.html: -12
[2019-03-29 13:05:00] EDIT paywall/views/default/index.html: 0
[2019-03-29 13:05:06] EDIT paywall/views/default/index.html: 0
[2019-03-29 13:05:13] EDIT paywall/views/default/index.html: 0
[2019-03-29 13:06:29] EDIT paywall/views/default/index.html: 1
[2019-03-29 13:06:32] EDIT paywall/views/default/index.html: -3
[2019-03-29 13:07:11] EDIT paywall/views/default/index.html: 0
[2019-03-29 13:07:29] EDIT paywall/views/default/index.html: 0
[2019-03-29 13:09:52] EDIT paywall/views/default/index.html: 6
[2019-03-29 13:11:20] EDIT paywall/views/default/index.html: 0
[2019-03-29 13:12:24] EDIT paywall/views/default/index.html: 0
[2019-03-29 13:12:32] EDIT paywall/views/default/index.html: 0
[2019-03-29 13:12:37] EDIT paywall/views/default/index.html: 0
[2019-03-29 13:15:10] EDIT paywall/views/default/index.html: 0
[2019-03-29 13:16:23] EDIT paywall/views/default/index.html: 1
[2019-03-29 13:18:38] EDIT paywall/views/default/index.html: 0
[2019-03-29 13:18:59] EDIT paywall/views/default/index.html: 0
[2019-03-29 13:19:43] EDIT paywall/views/default/index.html: 0
[2019-03-29 13:20:38] EDIT paywall/views/default/index.html: 3
[2019-03-29 13:20:55] EDIT paywall/views/default/index.html: 0
[2019-03-29 13:21:32] EDIT paywall/views/default/index.html: 0
[2019-03-29 13:23:17] EDIT paywall/views/default/index.html: 0
[2019-03-29 13:23:23] EDIT paywall/views/default/index.html: 0
[2019-03-29 13:23:28] EDIT paywall/views/default/index.html: 0
[2019-03-29 13:23:45] EDIT paywall/views/default/index.html: 0
[2019-03-29 13:23:58] EDIT paywall/views/default/index.html: -1
[2019-03-29 13:24:09] EDIT paywall/views/default/index.html: -2
[2019-03-29 13:24:42] EDIT paywall/views/default/index.html: -1
[2019-03-29 13:25:03] EDIT paywall/views/default/index.html: 0
[2019-03-29 13:27:06] EDIT paywall/views/default/index.html: 3
[2019-03-29 13:27:22] EDIT paywall/views/default/index.html: 0
[2019-03-29 13:28:14] EDIT paywall/views/default/index.html: -3
[2019-03-29 13:29:10] EDIT paywall/views/default/index.html: 0
[2019-03-29 13:29:25] EDIT paywall/views/default/index.html: 0
[2019-03-29 13:30:24] EDIT paywall/views/default/index.html: 0
[2019-03-29 13:31:20] EDIT paywall/views/default/index.html: 5
[2019-03-29 13:31:45] EDIT paywall/views/default/index.html: 3
[2019-03-29 13:32:38] EDIT paywall/views/default/index.html: 5
[2019-03-29 13:33:32] EDIT paywall/views/default/index.html: 0
[2019-03-29 13:35:16] EDIT paywall/views/default/index.html: 0
[2019-03-29 13:35:30] EDIT paywall/views/default/index.html: 2
[2019-03-29 13:35:32] EDIT paywall/views/default/index.html: 0
